HuanXin/examples/ChatDemoUI3.0/build/outputs/logs/manifest-merger-debug-report.txt
-- Merging decision tree log ---
manifest
ADDED from examples\ChatDemoUI3.0\AndroidManifest.xml:2:1-408:12
	package
		ADDED from examples\ChatDemoUI3.0\AndroidManifest.xml:3:5-39
		INJECTED from examples\ChatDemoUI3.0\AndroidManifest.xml
		INJECTED from examples\ChatDemoUI3.0\AndroidManifest.xml
	android:versionCode
		ADDED from examples\ChatDemoUI3.0\AndroidManifest.xml:4:5-29
		INJECTED from examples\ChatDemoUI3.0\AndroidManifest.xml
		INJECTED from examples\ChatDemoUI3.0\AndroidManifest.xml
	xmlns:android
		ADDED from examples\ChatDemoUI3.0\AndroidManifest.xml:2:11-69
uses-sdk
ADDED from examples\ChatDemoUI3.0\AndroidManifest.xml:6:5-8:41
MERGED from [com.android.support:multidex:1.0.1] AndroidManifest.xml:18:5-42
MERGED from [ChatDemoUI3.0:EaseUI:unspecified] AndroidManifest.xml:7:5-9:41
	android:targetSdkVersion
		ADDED from examples\ChatDemoUI3.0\AndroidManifest.xml:8:9-38
		INJECTED from examples\ChatDemoUI3.0\AndroidManifest.xml
		INJECTED from examples\ChatDemoUI3.0\AndroidManifest.xml
	android:minSdkVersion
		ADDED from examples\ChatDemoUI3.0\AndroidManifest.xml:7:9-34
		INJECTED from examples\ChatDemoUI3.0\AndroidManifest.xml
		INJECTED from examples\ChatDemoUI3.0\AndroidManifest.xml
uses-permission#android.permission.VIBRATE
ADDED from examples\ChatDemoUI3.0\AndroidManifest.xml:10:5-66
	android:name
		ADDED from examples\ChatDemoUI3.0\AndroidManifest.xml:10:22-63
uses-permission#android.permission.INTERNET
ADDED from examples\ChatDemoUI3.0\AndroidManifest.xml:11:5-67
	android:name
		ADDED from examples\ChatDemoUI3.0\AndroidManifest.xml:11:22-64
uses-permission#android.permission.RECORD_AUDIO
ADDED from examples\ChatDemoUI3.0\AndroidManifest.xml:12:5-71
	android:name
		ADDED from examples\ChatDemoUI3.0\AndroidManifest.xml:12:22-68
uses-permission#android.permission.CAMERA
ADDED from examples\ChatDemoUI3.0\AndroidManifest.xml:13:5-65
	android:name
		ADDED from examples\ChatDemoUI3.0\AndroidManifest.xml:13:22-62
uses-permission#android.permission.ACCESS_NETWORK_STATE
ADDED from examples\ChatDemoUI3.0\AndroidManifest.xml:14:5-79
	android:name
		ADDED from examples\ChatDemoUI3.0\AndroidManifest.xml:14:22-76
uses-permission#android.permission.WRITE_EXTERNAL_STORAGE
ADDED from examples\ChatDemoUI3.0\AndroidManifest.xml:15:5-81
	android:name
		ADDED from examples\ChatDemoUI3.0\AndroidManifest.xml:15:22-78
uses-permission#android.permission.MOUNT_UNMOUNT_FILESYSTEMS
ADDED from examples\ChatDemoUI3.0\AndroidManifest.xml:16:5-84
	android:name
		ADDED from examples\ChatDemoUI3.0\AndroidManifest.xml:16:22-81
uses-permission#android.permission.ACCESS_FINE_LOCATION
ADDED from examples\ChatDemoUI3.0\AndroidManifest.xml:17:5-79
	android:name
		ADDED from examples\ChatDemoUI3.0\AndroidManifest.xml:17:22-76
uses-permission#android.permission.GET_TASKS
ADDED from examples\ChatDemoUI3.0\AndroidManifest.xml:18:5-68
	android:name
		ADDED from examples\ChatDemoUI3.0\AndroidManifest.xml:18:22-65
uses-permission#android.permission.ACCESS_WIFI_STATE
ADDED from examples\ChatDemoUI3.0\AndroidManifest.xml:19:5-76
	android:name
		ADDED from examples\ChatDemoUI3.0\AndroidManifest.xml:19:22-73
uses-permission#android.permission.CHANGE_WIFI_STATE
ADDED from examples\ChatDemoUI3.0\AndroidManifest.xml:20:5-76
	android:name
		ADDED from examples\ChatDemoUI3.0\AndroidManifest.xml:20:22-73
uses-permission#android.permission.WAKE_LOCK
ADDED from examples\ChatDemoUI3.0\AndroidManifest.xml:21:5-68
	android:name
		ADDED from examples\ChatDemoUI3.0\AndroidManifest.xml:21:22-65
uses-permission#android.permission.MODIFY_AUDIO_SETTINGS
ADDED from examples\ChatDemoUI3.0\AndroidManifest.xml:22:5-80
	android:name
		ADDED from examples\ChatDemoUI3.0\AndroidManifest.xml:22:22-77
uses-permission#android.permission.READ_PHONE_STATE
ADDED from examples\ChatDemoUI3.0\AndroidManifest.xml:23:5-75
	android:name
		ADDED from examples\ChatDemoUI3.0\AndroidManifest.xml:23:22-72
uses-permission#android.permission.RECEIVE_BOOT_COMPLETED
ADDED from examples\ChatDemoUI3.0\AndroidManifest.xml:24:5-81
	android:name
		ADDED from examples\ChatDemoUI3.0\AndroidManifest.xml:24:22-78
uses-permission#android.permission.GET_ACCOUNTS
ADDED from examples\ChatDemoUI3.0\AndroidManifest.xml:25:5-71
	android:name
		ADDED from examples\ChatDemoUI3.0\AndroidManifest.xml:25:22-68
uses-permission#android.permission.USE_CREDENTIALS
ADDED from examples\ChatDemoUI3.0\AndroidManifest.xml:26:5-74
	android:name
		ADDED from examples\ChatDemoUI3.0\AndroidManifest.xml:26:22-71
uses-permission#android.permission.MANAGE_ACCOUNTS
ADDED from examples\ChatDemoUI3.0\AndroidManifest.xml:27:5-74
	android:name
		ADDED from examples\ChatDemoUI3.0\AndroidManifest.xml:27:22-71
uses-permission#android.permission.AUTHENTICATE_ACCOUNTS
ADDED from examples\ChatDemoUI3.0\AndroidManifest.xml:28:5-80
	android:name
		ADDED from examples\ChatDemoUI3.0\AndroidManifest.xml:28:22-77
uses-permission#com.android.launcher.permission.READ_SETTINGS
ADDED from examples\ChatDemoUI3.0\AndroidManifest.xml:29:5-85
	android:name
		ADDED from examples\ChatDemoUI3.0\AndroidManifest.xml:29:22-82
uses-permission#android.permission.BROADCAST_STICKY
ADDED from examples\ChatDemoUI3.0\AndroidManifest.xml:30:5-75
	android:name
		ADDED from examples\ChatDemoUI3.0\AndroidManifest.xml:30:22-72
uses-permission#android.permission.WRITE_SETTINGS
ADDED from examples\ChatDemoUI3.0\AndroidManifest.xml:31:5-73
	android:name
		ADDED from examples\ChatDemoUI3.0\AndroidManifest.xml:31:22-70
uses-permission#com.google.android.c2dm.permission.RECEIVE
ADDED from examples\ChatDemoUI3.0\AndroidManifest.xml:33:5-82
	android:name
		ADDED from examples\ChatDemoUI3.0\AndroidManifest.xml:33:22-79
permission#com.hyphenate.chatuidemo.permission.C2D_MESSAGE
ADDED from examples\ChatDemoUI3.0\AndroidManifest.xml:34:5-37:11
	android:protectionLevel
		ADDED from examples\ChatDemoUI3.0\AndroidManifest.xml:36:9-44
	android:name
		ADDED from examples\ChatDemoUI3.0\AndroidManifest.xml:35:9-71
uses-permission#com.hyphenate.chatuidemo.permission.C2D_MESSAGE
ADDED from examples\ChatDemoUI3.0\AndroidManifest.xml:38:5-87
	android:name
		ADDED from examples\ChatDemoUI3.0\AndroidManifest.xml:38:22-84
permission#com.hyphenate.chatuidemo.permission.MIPUSH_RECEIVE
ADDED from examples\ChatDemoUI3.0\AndroidManifest.xml:40:5-42:47
	android:protectionLevel
		ADDED from examples\ChatDemoUI3.0\AndroidManifest.xml:42:9-44
	android:name
		ADDED from examples\ChatDemoUI3.0\AndroidManifest.xml:41:9-74
uses-permission#com.hyphenate.chatuidemo.permission.MIPUSH_RECEIVE
ADDED from examples\ChatDemoUI3.0\AndroidManifest.xml:44:6-91
	android:name
		ADDED from examples\ChatDemoUI3.0\AndroidManifest.xml:44:23-88
application
ADDED from examples\ChatDemoUI3.0\AndroidManifest.xml:46:5-406:25
	android:label
		ADDED from examples\ChatDemoUI3.0\AndroidManifest.xml:50:9-41
	android:allowBackup
		ADDED from examples\ChatDemoUI3.0\AndroidManifest.xml:48:9-35
	android:icon
		ADDED from examples\ChatDemoUI3.0\AndroidManifest.xml:49:9-48
	android:name
		ADDED from examples\ChatDemoUI3.0\AndroidManifest.xml:47:9-39
activity#com.hyphenate.chatuidemo.ui.MainActivity
ADDED from examples\ChatDemoUI3.0\AndroidManifest.xml:51:9-57:20
	android:screenOrientation
		ADDED from examples\ChatDemoUI3.0\AndroidManifest.xml:54:13-49
	android:launchMode
		ADDED from examples\ChatDemoUI3.0\AndroidManifest.xml:53:13-44
	android:windowSoftInputMode
		ADDED from examples\ChatDemoUI3.0\AndroidManifest.xml:56:13-52
	android:theme
		ADDED from examples\ChatDemoUI3.0\AndroidManifest.xml:55:13-52
	android:name
		ADDED from examples\ChatDemoUI3.0\AndroidManifest.xml:52:13-68
activity#com.hyphenate.chatuidemo.ui.SplashActivity
ADDED from examples\ChatDemoUI3.0\AndroidManifest.xml:60:9-69:20
	android:screenOrientation
		ADDED from examples\ChatDemoUI3.0\AndroidManifest.xml:62:13-49
	android:theme
		ADDED from examples\ChatDemoUI3.0\AndroidManifest.xml:63:13-52
	android:name
		ADDED from examples\ChatDemoUI3.0\AndroidManifest.xml:61:13-70
intent-filter#android.intent.action.MAIN+android.intent.category.LAUNCHER
ADDED from examples\ChatDemoUI3.0\AndroidManifest.xml:64:13-68:29
action#android.intent.action.MAIN
ADDED from examples\ChatDemoUI3.0\AndroidManifest.xml:65:17-69
	android:name
		ADDED from examples\ChatDemoUI3.0\AndroidManifest.xml:65:25-66
category#android.intent.category.LAUNCHER
ADDED from examples\ChatDemoUI3.0\AndroidManifest.xml:67:17-77
	android:name
		ADDED from examples\ChatDemoUI3.0\AndroidManifest.xml:67:27-74
activity#com.hyphenate.chatuidemo.ui.LoginActivity
ADDED from examples\ChatDemoUI3.0\AndroidManifest.xml:72:9-77:20
	android:screenOrientation
		ADDED from examples\ChatDemoUI3.0\AndroidManifest.xml:74:13-49
	android:windowSoftInputMode
		ADDED from examples\ChatDemoUI3.0\AndroidManifest.xml:76:13-68
	android:theme
		ADDED from examples\ChatDemoUI3.0\AndroidManifest.xml:75:13-52
	android:name
		ADDED from examples\ChatDemoUI3.0\AndroidManifest.xml:73:13-69
activity#com.hyphenate.chatuidemo.ui.RegisterActivity
ADDED from examples\ChatDemoUI3.0\AndroidManifest.xml:80:9-85:20
	android:screenOrientation
		ADDED from examples\ChatDemoUI3.0\AndroidManifest.xml:82:13-49
	android:windowSoftInputMode
		ADDED from examples\ChatDemoUI3.0\AndroidManifest.xml:84:13-68
	android:theme
		ADDED from examples\ChatDemoUI3.0\AndroidManifest.xml:83:13-52
	android:name
		ADDED from examples\ChatDemoUI3.0\AndroidManifest.xml:81:13-72
activity#com.hyphenate.chatuidemo.ui.ChatActivity
ADDED from examples\ChatDemoUI3.0\AndroidManifest.xml:87:9-93:20
	android:screenOrientation
		ADDED from examples\ChatDemoUI3.0\AndroidManifest.xml:90:13-49
	android:launchMode
		ADDED from examples\ChatDemoUI3.0\AndroidManifest.xml:89:13-44
	android:windowSoftInputMode
		ADDED from examples\ChatDemoUI3.0\AndroidManifest.xml:92:13-55
	android:theme
		ADDED from examples\ChatDemoUI3.0\AndroidManifest.xml:91:13-52
	android:name
		ADDED from examples\ChatDemoUI3.0\AndroidManifest.xml:88:13-68
activity#com.hyphenate.applib.ui.ChatActivity
ADDED from examples\ChatDemoUI3.0\AndroidManifest.xml:95:9-101:20
	android:screenOrientation
		ADDED from examples\ChatDemoUI3.0\AndroidManifest.xml:98:13-49
	android:launchMode
		ADDED from examples\ChatDemoUI3.0\AndroidManifest.xml:97:13-43
	android:windowSoftInputMode
		ADDED from examples\ChatDemoUI3.0\AndroidManifest.xml:100:13-55
	android:theme
		ADDED from examples\ChatDemoUI3.0\AndroidManifest.xml:99:13-52
	android:name
		ADDED from examples\ChatDemoUI3.0\AndroidManifest.xml:96:13-64
activity#com.hyphenate.chatuidemo.ui.AddContactActivity
ADDED from examples\ChatDemoUI3.0\AndroidManifest.xml:103:9-108:20
	android:screenOrientation
		ADDED from examples\ChatDemoUI3.0\AndroidManifest.xml:105:13-49
	android:windowSoftInputMode
		ADDED from examples\ChatDemoUI3.0\AndroidManifest.xml:106:13-55
	android:theme
		ADDED from examples\ChatDemoUI3.0\AndroidManifest.xml:107:13-52
	android:name
		ADDED from examples\ChatDemoUI3.0\AndroidManifest.xml:104:13-74
activity#com.hyphenate.chatuidemo.ui.GroupDetailsActivity
ADDED from examples\ChatDemoUI3.0\AndroidManifest.xml:110:9-114:20
	android:screenOrientation
		ADDED from examples\ChatDemoUI3.0\AndroidManifest.xml:112:13-49
	android:theme
		ADDED from examples\ChatDemoUI3.0\AndroidManifest.xml:113:13-52
	android:name
		ADDED from examples\ChatDemoUI3.0\AndroidManifest.xml:111:13-76
activity#com.hyphenate.chatuidemo.ui.GroupsActivity
ADDED from examples\ChatDemoUI3.0\AndroidManifest.xml:116:9-121:20
	android:screenOrientation
		ADDED from examples\ChatDemoUI3.0\AndroidManifest.xml:118:13-49
	android:windowSoftInputMode
		ADDED from examples\ChatDemoUI3.0\AndroidManifest.xml:120:13-52
	android:theme
		ADDED from examples\ChatDemoUI3.0\AndroidManifest.xml:119:13-52
	android:name
		ADDED from examples\ChatDemoUI3.0\AndroidManifest.xml:117:13-70
activity#com.hyphenate.chatuidemo.ui.ChatRoomActivity
ADDED from examples\ChatDemoUI3.0\AndroidManifest.xml:123:9-128:20
	android:screenOrientation
		ADDED from examples\ChatDemoUI3.0\AndroidManifest.xml:125:13-49
	android:windowSoftInputMode
		ADDED from examples\ChatDemoUI3.0\AndroidManifest.xml:127:13-52
	android:theme
		ADDED from examples\ChatDemoUI3.0\AndroidManifest.xml:126:13-52
	android:name
		ADDED from examples\ChatDemoUI3.0\AndroidManifest.xml:124:13-72
activity#com.hyphenate.chatuidemo.ui.ChatRoomDetailsActivity
ADDED from examples\ChatDemoUI3.0\AndroidManifest.xml:130:9-134:20
	android:screenOrientation
		ADDED from examples\ChatDemoUI3.0\AndroidManifest.xml:132:13-49
	android:theme
		ADDED from examples\ChatDemoUI3.0\AndroidManifest.xml:133:13-52
	android:name
		ADDED from examples\ChatDemoUI3.0\AndroidManifest.xml:131:13-79
activity#com.hyphenate.chatuidemo.ui.NewGroupActivity
ADDED from examples\ChatDemoUI3.0\AndroidManifest.xml:137:9-142:20
	android:screenOrientation
		ADDED from examples\ChatDemoUI3.0\AndroidManifest.xml:139:13-49
	android:windowSoftInputMode
		ADDED from examples\ChatDemoUI3.0\AndroidManifest.xml:141:13-52
	android:theme
		ADDED from examples\ChatDemoUI3.0\AndroidManifest.xml:140:13-52
	android:name
		ADDED from examples\ChatDemoUI3.0\AndroidManifest.xml:138:13-72
activity#com.hyphenate.chatuidemo.ui.ExitGroupDialog
ADDED from examples\ChatDemoUI3.0\AndroidManifest.xml:144:9-148:20
	android:screenOrientation
		ADDED from examples\ChatDemoUI3.0\AndroidManifest.xml:146:13-49
	android:theme
		ADDED from examples\ChatDemoUI3.0\AndroidManifest.xml:147:13-55
	android:name
		ADDED from examples\ChatDemoUI3.0\AndroidManifest.xml:145:13-71
activity#com.hyphenate.chatuidemo.ui.GroupPickContactsActivity
ADDED from examples\ChatDemoUI3.0\AndroidManifest.xml:150:9-155:20
	android:screenOrientation
		ADDED from examples\ChatDemoUI3.0\AndroidManifest.xml:152:13-49
	android:windowSoftInputMode
		ADDED from examples\ChatDemoUI3.0\AndroidManifest.xml:154:13-52
	android:theme
		ADDED from examples\ChatDemoUI3.0\AndroidManifest.xml:153:13-52
	android:name
		ADDED from examples\ChatDemoUI3.0\AndroidManifest.xml:151:13-81
activity#com.hyphenate.easeui.ui.EaseBaiduMapActivity
ADDED from examples\ChatDemoUI3.0\AndroidManifest.xml:157:9-161:20
	android:screenOrientation
		ADDED from examples\ChatDemoUI3.0\AndroidManifest.xml:159:13-49
	android:theme
		ADDED from examples\ChatDemoUI3.0\AndroidManifest.xml:160:13-52
	android:name
		ADDED from examples\ChatDemoUI3.0\AndroidManifest.xml:158:13-72
activity#com.hyphenate.chatuidemo.ui.NewFriendsMsgActivity
ADDED from examples\ChatDemoUI3.0\AndroidManifest.xml:164:9-168:20
	android:screenOrientation
		ADDED from examples\ChatDemoUI3.0\AndroidManifest.xml:166:13-49
	android:theme
		ADDED from examples\ChatDemoUI3.0\AndroidManifest.xml:167:13-52
	android:name
		ADDED from examples\ChatDemoUI3.0\AndroidManifest.xml:165:13-77
activity#com.hyphenate.chatuidemo.ui.ForwardMessageActivity
ADDED from examples\ChatDemoUI3.0\AndroidManifest.xml:170:9-175:20
	android:screenOrientation
		ADDED from examples\ChatDemoUI3.0\AndroidManifest.xml:172:13-49
	android:windowSoftInputMode
		ADDED from examples\ChatDemoUI3.0\AndroidManifest.xml:174:13-52
	android:theme
		ADDED from examples\ChatDemoUI3.0\AndroidManifest.xml:173:13-52
	android:name
		ADDED from examples\ChatDemoUI3.0\AndroidManifest.xml:171:13-78
activity#com.hyphenate.chatuidemo.ui.ContextMenuActivity
ADDED from examples\ChatDemoUI3.0\AndroidManifest.xml:177:9-181:20
	android:screenOrientation
		ADDED from examples\ChatDemoUI3.0\AndroidManifest.xml:179:13-49
	android:theme
		ADDED from examples\ChatDemoUI3.0\AndroidManifest.xml:180:13-49
	android:name
		ADDED from examples\ChatDemoUI3.0\AndroidManifest.xml:178:13-75
activity#com.hyphenate.easeui.ui.EaseShowBigImageActivity
ADDED from examples\ChatDemoUI3.0\AndroidManifest.xml:183:9-187:20
	android:screenOrientation
		ADDED from examples\ChatDemoUI3.0\AndroidManifest.xml:185:13-49
	android:theme
		ADDED from examples\ChatDemoUI3.0\AndroidManifest.xml:186:13-52
	android:name
		ADDED from examples\ChatDemoUI3.0\AndroidManifest.xml:184:13-76
activity#com.hyphenate.easeui.ui.EaseShowNormalFileActivity
ADDED from examples\ChatDemoUI3.0\AndroidManifest.xml:189:9-193:20
	android:screenOrientation
		ADDED from examples\ChatDemoUI3.0\AndroidManifest.xml:191:13-49
	android:theme
		ADDED from examples\ChatDemoUI3.0\AndroidManifest.xml:192:13-52
	android:name
		ADDED from examples\ChatDemoUI3.0\AndroidManifest.xml:190:13-78
activity#com.hyphenate.chatuidemo.ui.BlacklistActivity
ADDED from examples\ChatDemoUI3.0\AndroidManifest.xml:195:9-199:20
	android:screenOrientation
		ADDED from examples\ChatDemoUI3.0\AndroidManifest.xml:197:13-49
	android:theme
		ADDED from examples\ChatDemoUI3.0\AndroidManifest.xml:198:13-52
	android:name
		ADDED from examples\ChatDemoUI3.0\AndroidManifest.xml:196:13-73
activity#com.hyphenate.chatuidemo.ui.PublicGroupsActivity
ADDED from examples\ChatDemoUI3.0\AndroidManifest.xml:202:9-207:20
	android:screenOrientation
		ADDED from examples\ChatDemoUI3.0\AndroidManifest.xml:204:13-49
	android:windowSoftInputMode
		ADDED from examples\ChatDemoUI3.0\AndroidManifest.xml:206:13-52
	android:theme
		ADDED from examples\ChatDemoUI3.0\AndroidManifest.xml:205:13-52
	android:name
		ADDED from examples\ChatDemoUI3.0\AndroidManifest.xml:203:13-76
activity#com.hyphenate.chatuidemo.ui.PublicChatRoomsActivity
ADDED from examples\ChatDemoUI3.0\AndroidManifest.xml:209:9-214:20
	android:screenOrientation
		ADDED from examples\ChatDemoUI3.0\AndroidManifest.xml:211:13-49
	android:windowSoftInputMode
		ADDED from examples\ChatDemoUI3.0\AndroidManifest.xml:213:13-52
	android:theme
		ADDED from examples\ChatDemoUI3.0\AndroidManifest.xml:212:13-52
	android:name
		ADDED from examples\ChatDemoUI3.0\AndroidManifest.xml:210:13-79
activity#com.hyphenate.chatuidemo.ui.VoiceCallActivity
ADDED from examples\ChatDemoUI3.0\AndroidManifest.xml:217:9-222:20
	android:screenOrientation
		ADDED from examples\ChatDemoUI3.0\AndroidManifest.xml:219:13-49
	android:launchMode
		ADDED from examples\ChatDemoUI3.0\AndroidManifest.xml:220:13-44
	android:theme
		ADDED from examples\ChatDemoUI3.0\AndroidManifest.xml:221:13-48
	android:name
		ADDED from examples\ChatDemoUI3.0\AndroidManifest.xml:218:13-73
activity#com.hyphenate.chatuidemo.ui.VideoCallActivity
ADDED from examples\ChatDemoUI3.0\AndroidManifest.xml:224:9-230:20
	android:screenOrientation
		ADDED from examples\ChatDemoUI3.0\AndroidManifest.xml:227:13-49
	android:launchMode
		ADDED from examples\ChatDemoUI3.0\AndroidManifest.xml:228:13-44
	android:configChanges
		ADDED from examples\ChatDemoUI3.0\AndroidManifest.xml:226:13-74
	android:theme
		ADDED from examples\ChatDemoUI3.0\AndroidManifest.xml:229:13-52
	android:name
		ADDED from examples\ChatDemoUI3.0\AndroidManifest.xml:225:13-73
activity#com.hyphenate.chatuidemo.ui.GroupSimpleDetailActivity
ADDED from examples\ChatDemoUI3.0\AndroidManifest.xml:232:9-236:20
	android:screenOrientation
		ADDED from examples\ChatDemoUI3.0\AndroidManifest.xml:234:13-49
	android:theme
		ADDED from examples\ChatDemoUI3.0\AndroidManifest.xml:235:13-52
	android:name
		ADDED from examples\ChatDemoUI3.0\AndroidManifest.xml:233:13-81
activity#com.hyphenate.chatuidemo.ui.GroupBlacklistActivity
ADDED from examples\ChatDemoUI3.0\AndroidManifest.xml:238:9-242:20
	android:screenOrientation
		ADDED from examples\ChatDemoUI3.0\AndroidManifest.xml:240:13-49
	android:theme
		ADDED from examples\ChatDemoUI3.0\AndroidManifest.xml:241:13-52
	android:name
		ADDED from examples\ChatDemoUI3.0\AndroidManifest.xml:239:13-78
activity#com.hyphenate.chatuidemo.ui.PublicGroupsSeachActivity
ADDED from examples\ChatDemoUI3.0\AndroidManifest.xml:243:9-247:20
	android:screenOrientation
		ADDED from examples\ChatDemoUI3.0\AndroidManifest.xml:245:13-49
	android:theme
		ADDED from examples\ChatDemoUI3.0\AndroidManifest.xml:246:13-52
	android:name
		ADDED from examples\ChatDemoUI3.0\AndroidManifest.xml:244:13-81
activity#com.hyphenate.chatuidemo.ui.EditActivity
ADDED from examples\ChatDemoUI3.0\AndroidManifest.xml:248:9-253:20
	android:screenOrientation
		ADDED from examples\ChatDemoUI3.0\AndroidManifest.xml:250:13-49
	android:windowSoftInputMode
		ADDED from examples\ChatDemoUI3.0\AndroidManifest.xml:252:13-55
	android:theme
		ADDED from examples\ChatDemoUI3.0\AndroidManifest.xml:251:13-52
	android:name
		ADDED from examples\ChatDemoUI3.0\AndroidManifest.xml:249:13-68
activity#com.hyphenate.easeui.ui.EaseShowVideoActivity
ADDED from examples\ChatDemoUI3.0\AndroidManifest.xml:254:9-259:20
	android:screenOrientation
		ADDED from examples\ChatDemoUI3.0\AndroidManifest.xml:256:13-49
	android:windowSoftInputMode
		ADDED from examples\ChatDemoUI3.0\AndroidManifest.xml:258:13-60
	android:theme
		ADDED from examples\ChatDemoUI3.0\AndroidManifest.xml:257:13-52
	android:name
		ADDED from examples\ChatDemoUI3.0\AndroidManifest.xml:255:13-73
activity#com.hyphenate.chatuidemo.ui.ImageGridActivity
ADDED from examples\ChatDemoUI3.0\AndroidManifest.xml:261:9-266:20
	android:screenOrientation
		ADDED from examples\ChatDemoUI3.0\AndroidManifest.xml:263:13-49
	android:windowSoftInputMode
		ADDED from examples\ChatDemoUI3.0\AndroidManifest.xml:265:13-60
	android:theme
		ADDED from examples\ChatDemoUI3.0\AndroidManifest.xml:264:13-52
	android:name
		ADDED from examples\ChatDemoUI3.0\AndroidManifest.xml:262:13-73
activity#com.hyphenate.chatuidemo.ui.RecorderVideoActivity
ADDED from examples\ChatDemoUI3.0\AndroidManifest.xml:267:9-272:20
	android:screenOrientation
		ADDED from examples\ChatDemoUI3.0\AndroidManifest.xml:269:13-49
	android:windowSoftInputMode
		ADDED from examples\ChatDemoUI3.0\AndroidManifest.xml:271:13-60
	android:theme
		ADDED from examples\ChatDemoUI3.0\AndroidManifest.xml:270:13-52
	android:name
		ADDED from examples\ChatDemoUI3.0\AndroidManifest.xml:268:13-77
activity#com.hyphenate.chatuidemo.ui.DiagnoseActivity
ADDED from examples\ChatDemoUI3.0\AndroidManifest.xml:274:9-279:20
	android:screenOrientation
		ADDED from examples\ChatDemoUI3.0\AndroidManifest.xml:276:13-49
	android:windowSoftInputMode
		ADDED from examples\ChatDemoUI3.0\AndroidManifest.xml:278:13-60
	android:theme
		ADDED from examples\ChatDemoUI3.0\AndroidManifest.xml:277:13-52
	android:name
		ADDED from examples\ChatDemoUI3.0\AndroidManifest.xml:275:13-72
activity#com.hyphenate.chatuidemo.ui.OfflinePushNickActivity
ADDED from examples\ChatDemoUI3.0\AndroidManifest.xml:282:9-287:20
	android:screenOrientation
		ADDED from examples\ChatDemoUI3.0\AndroidManifest.xml:284:13-49
	android:windowSoftInputMode
		ADDED from examples\ChatDemoUI3.0\AndroidManifest.xml:286:13-60
	android:theme
		ADDED from examples\ChatDemoUI3.0\AndroidManifest.xml:285:13-52
	android:name
		ADDED from examples\ChatDemoUI3.0\AndroidManifest.xml:283:13-79
activity#com.hyphenate.chatuidemo.ui.RobotsActivity
ADDED from examples\ChatDemoUI3.0\AndroidManifest.xml:289:9-294:25
	android:screenOrientation
		ADDED from examples\ChatDemoUI3.0\AndroidManifest.xml:291:13-49
	android:windowSoftInputMode
		ADDED from examples\ChatDemoUI3.0\AndroidManifest.xml:293:13-60
	android:theme
		ADDED from examples\ChatDemoUI3.0\AndroidManifest.xml:292:13-52
	android:name
		ADDED from examples\ChatDemoUI3.0\AndroidManifest.xml:290:13-70
activity#com.hyphenate.chatuidemo.ui.UserProfileActivity
ADDED from examples\ChatDemoUI3.0\AndroidManifest.xml:296:3-300:19
	android:screenOrientation
		ADDED from examples\ChatDemoUI3.0\AndroidManifest.xml:298:7-43
	android:theme
		ADDED from examples\ChatDemoUI3.0\AndroidManifest.xml:299:7-46
	android:name
		ADDED from examples\ChatDemoUI3.0\AndroidManifest.xml:297:7-69
receiver#com.hyphenate.chatuidemo.receiver.StartServiceReceiver
ADDED from examples\ChatDemoUI3.0\AndroidManifest.xml:303:9-310:20
	android:name
		ADDED from examples\ChatDemoUI3.0\AndroidManifest.xml:303:19-88
intent-filter#android.intent.action.BOOT_COMPLETED+android.intent.action.QUICKBOOT_POWERON+android.intent.category.LAUNCHER
ADDED from examples\ChatDemoUI3.0\AndroidManifest.xml:304:13-309:29
	android:priority
		ADDED from examples\ChatDemoUI3.0\AndroidManifest.xml:304:28-51
action#android.intent.action.BOOT_COMPLETED
ADDED from examples\ChatDemoUI3.0\AndroidManifest.xml:305:17-79
	android:name
		ADDED from examples\ChatDemoUI3.0\AndroidManifest.xml:305:25-76
action#android.intent.action.QUICKBOOT_POWERON
ADDED from examples\ChatDemoUI3.0\AndroidManifest.xml:306:17-82
	android:name
		ADDED from examples\ChatDemoUI3.0\AndroidManifest.xml:306:25-79
receiver#com.hyphenate.chat.EMGCMBroadcastReceiver
ADDED from examples\ChatDemoUI3.0\AndroidManifest.xml:313:9-321:20
	android:exported
		ADDED from examples\ChatDemoUI3.0\AndroidManifest.xml:315:13-36
	android:permission
		ADDED from examples\ChatDemoUI3.0\AndroidManifest.xml:316:13-73
	android:name
		ADDED from examples\ChatDemoUI3.0\AndroidManifest.xml:314:13-69
intent-filter#com.google.android.c2dm.intent.RECEIVE+com.hyphenate.chatuidemo
ADDED from examples\ChatDemoUI3.0\AndroidManifest.xml:317:13-320:29
action#com.google.android.c2dm.intent.RECEIVE
ADDED from examples\ChatDemoUI3.0\AndroidManifest.xml:318:17-81
	android:name
		ADDED from examples\ChatDemoUI3.0\AndroidManifest.xml:318:25-78
category#com.hyphenate.chatuidemo
ADDED from examples\ChatDemoUI3.0\AndroidManifest.xml:319:17-69
	android:name
		ADDED from examples\ChatDemoUI3.0\AndroidManifest.xml:319:27-66
service#com.hyphenate.chat.EMGCMListenerService
ADDED from examples\ChatDemoUI3.0\AndroidManifest.xml:323:9-325:19
	android:exported
		ADDED from examples\ChatDemoUI3.0\AndroidManifest.xml:324:13-37
	android:name
		ADDED from examples\ChatDemoUI3.0\AndroidManifest.xml:323:18-72
receiver#com.hyphenate.chatuidemo.receiver.GCMPushBroadCast
ADDED from examples\ChatDemoUI3.0\AndroidManifest.xml:327:9-334:20
	android:exported
		ADDED from examples\ChatDemoUI3.0\AndroidManifest.xml:329:13-37
	android:name
		ADDED from examples\ChatDemoUI3.0\AndroidManifest.xml:328:13-78
intent-filter#com.hyphenate.chatuidemo+com.hyphenate.sdk.push
ADDED from examples\ChatDemoUI3.0\AndroidManifest.xml:330:13-333:29
action#com.hyphenate.sdk.push
ADDED from examples\ChatDemoUI3.0\AndroidManifest.xml:331:17-64
	android:name
		ADDED from examples\ChatDemoUI3.0\AndroidManifest.xml:331:25-62
service#com.xiaomi.mipush.sdk.PushMessageHandler
ADDED from examples\ChatDemoUI3.0\AndroidManifest.xml:338:9-341:39
	android:enabled
		ADDED from examples\ChatDemoUI3.0\AndroidManifest.xml:340:13-35
	android:exported
		ADDED from examples\ChatDemoUI3.0\AndroidManifest.xml:341:13-36
	android:name
		ADDED from examples\ChatDemoUI3.0\AndroidManifest.xml:339:13-68
service#com.xiaomi.mipush.sdk.MessageHandleService
ADDED from examples\ChatDemoUI3.0\AndroidManifest.xml:342:9-344:38
	android:enabled
		ADDED from examples\ChatDemoUI3.0\AndroidManifest.xml:344:13-35
	android:name
		ADDED from examples\ChatDemoUI3.0\AndroidManifest.xml:343:13-70
receiver#com.hyphenate.chat.EMMipushReceiver
ADDED from examples\ChatDemoUI3.0\AndroidManifest.xml:346:9-358:20
	android:exported
		ADDED from examples\ChatDemoUI3.0\AndroidManifest.xml:348:13-36
	android:name
		ADDED from examples\ChatDemoUI3.0\AndroidManifest.xml:347:13-63
intent-filter#com.xiaomi.mipush.RECEIVE_MESSAGE
ADDED from examples\ChatDemoUI3.0\AndroidManifest.xml:349:13-351:29
action#com.xiaomi.mipush.RECEIVE_MESSAGE
ADDED from examples\ChatDemoUI3.0\AndroidManifest.xml:350:17-76
	android:name
		ADDED from examples\ChatDemoUI3.0\AndroidManifest.xml:350:25-73
intent-filter#com.xiaomi.mipush.MESSAGE_ARRIVED
ADDED from examples\ChatDemoUI3.0\AndroidManifest.xml:352:13-354:29
action#com.xiaomi.mipush.MESSAGE_ARRIVED
ADDED from examples\ChatDemoUI3.0\AndroidManifest.xml:353:17-76
	android:name
		ADDED from examples\ChatDemoUI3.0\AndroidManifest.xml:353:25-73
intent-filter#com.xiaomi.mipush.ERROR
ADDED from examples\ChatDemoUI3.0\AndroidManifest.xml:355:13-357:29
action#com.xiaomi.mipush.ERROR
ADDED from examples\ChatDemoUI3.0\AndroidManifest.xml:356:17-66
	android:name
		ADDED from examples\ChatDemoUI3.0\AndroidManifest.xml:356:25-63
service#com.umeng.update.net.DownloadingService
ADDED from examples\ChatDemoUI3.0\AndroidManifest.xml:361:9-364:13
	android:process
		ADDED from examples\ChatDemoUI3.0\AndroidManifest.xml:363:8-45
	android:name
		ADDED from examples\ChatDemoUI3.0\AndroidManifest.xml:362:8-62
activity#com.umeng.update.UpdateDialogActivity
ADDED from examples\ChatDemoUI3.0\AndroidManifest.xml:365:3-368:14
	android:theme
		ADDED from examples\ChatDemoUI3.0\AndroidManifest.xml:367:7-66
	android:name
		ADDED from examples\ChatDemoUI3.0\AndroidManifest.xml:366:7-59
meta-data#EASEMOB_APPKEY
ADDED from examples\ChatDemoUI3.0\AndroidManifest.xml:371:9-373:55
	android:value
		ADDED from examples\ChatDemoUI3.0\AndroidManifest.xml:373:13-52
	android:name
		ADDED from examples\ChatDemoUI3.0\AndroidManifest.xml:372:13-42
service#com.hyphenate.chat.EMChatService
ADDED from examples\ChatDemoUI3.0\AndroidManifest.xml:375:9-377:15
	android:exported
		ADDED from examples\ChatDemoUI3.0\AndroidManifest.xml:376:13-36
	android:name
		ADDED from examples\ChatDemoUI3.0\AndroidManifest.xml:375:18-65
receiver#com.hyphenate.chat.EMMonitorReceiver
ADDED from examples\ChatDemoUI3.0\AndroidManifest.xml:379:9-389:20
	android:name
		ADDED from examples\ChatDemoUI3.0\AndroidManifest.xml:379:19-70
intent-filter#android.intent.action.PACKAGE_REMOVED
ADDED from examples\ChatDemoUI3.0\AndroidManifest.xml:380:13-383:29
action#android.intent.action.PACKAGE_REMOVED
ADDED from examples\ChatDemoUI3.0\AndroidManifest.xml:381:17-79
	android:name
		ADDED from examples\ChatDemoUI3.0\AndroidManifest.xml:381:25-77
data
ADDED from examples\ChatDemoUI3.0\AndroidManifest.xml:382:17-49
	android:scheme
		ADDED from examples\ChatDemoUI3.0\AndroidManifest.xml:382:23-47
intent-filter#android.intent.action.BOOT_COMPLETED+android.intent.action.USER_PRESENT
ADDED from examples\ChatDemoUI3.0\AndroidManifest.xml:385:13-388:29
action#android.intent.action.USER_PRESENT
ADDED from examples\ChatDemoUI3.0\AndroidManifest.xml:387:17-77
	android:name
		ADDED from examples\ChatDemoUI3.0\AndroidManifest.xml:387:25-74